mean rating: 3.52835
total number of ratings in train: 80000
total number of ratings in test: 20000
average ratings per row: 47.5624
rows > break_point1: 46.9084
rows > break_point2: 0
num movs: 1682
mean rating: 3.52835
total number of ratings in train: 80000
total number of ratings in test: 20000
average ratings per row: 84.8356
rows > break_point1: 78.7911
rows > break_point2: 0
num users: 943
hostname: ICT0002458
pid: 52397
num_latent: 32
nprocs: 1
nthrds: 8
nsims: 8
burnin: 2
alpha: 2
update_freq: 1
0: Burnin iteration 0:	 RMSE: 1.1536	avg RMSE: 1.1536	FU(  5.66)	FM(  5.56)	items/sec: 199820.64	ratings/sec:   6.09M
0: Burnin iteration 1:	 RMSE: 1.1536	avg RMSE: 1.1536	FU(  8.06)	FM(  7.97)	items/sec: 213786.15	ratings/sec:   6.52M
0: Sampling iteration 2:	 RMSE: 1.1536	avg RMSE: 1.1536	FU(  9.83)	FM(  9.81)	items/sec: 208899.45	ratings/sec:   6.37M
0: Sampling iteration 3:	 RMSE: 1.1539	avg RMSE: 1.1539	FU( 11.45)	FM( 11.48)	items/sec: 212118.86	ratings/sec:   6.46M
0: Sampling iteration 4:	 RMSE: 1.1530	avg RMSE: 1.1534	FU( 12.80)	FM( 13.04)	items/sec: 218690.94	ratings/sec:   6.66M
0: Sampling iteration 5:	 RMSE: 1.1532	avg RMSE: 1.1532	FU( 14.23)	FM( 14.52)	items/sec: 238546.11	ratings/sec:   7.27M
0: Sampling iteration 6:	 RMSE: 1.1506	avg RMSE: 1.1524	FU( 16.11)	FM( 15.88)	items/sec: 235845.88	ratings/sec:   7.19M
0: Sampling iteration 7:	 RMSE: 1.1307	avg RMSE: 1.1475	FU( 19.92)	FM( 17.68)	items/sec: 238025.44	ratings/sec:   7.25M
Total time: 0.0957015
Final Avg RMSE: 1.14753
Average items/sec: 252248
Average ratings/sec: 7.68755e+06

Hierarchical view:
==================

Totals on ICT0002458 (0) / thread 0 / hierarchical
>> main:	     0.0957	(100%) in	8
>> main/eval:	     0.0065	(7%) in	8
>> main/movies:	     0.0498	(52%) in	8
>> main/movies/computeMuLambda:	     0.0246	(49%) in	1587
>> main/users:	     0.0391	(41%) in	8
>> main/users/computeMuLambda:	     0.0230	(59%) in	1139

Totals on ICT0002458 (0) / thread 0 / hierarchical
>> computeMuLambda:	     0.0517	(100%) in	2295

Totals on ICT0002458 (0) / thread 0 / hierarchical
>> computeMuLambda:	     0.0497	(100%) in	2672

Totals on ICT0002458 (0) / thread 0 / hierarchical
>> computeMuLambda:	     0.0501	(100%) in	2697

Totals on ICT0002458 (0) / thread 0 / hierarchical
>> computeMuLambda:	     0.0503	(100%) in	2446

Totals on ICT0002458 (0) / thread 0 / hierarchical
>> computeMuLambda:	     0.0497	(100%) in	2697

Totals on ICT0002458 (0) / thread 0 / hierarchical
>> computeMuLambda:	     0.0472	(100%) in	2687

Totals on ICT0002458 (0) / thread 0 / hierarchical
>> computeMuLambda:	     0.0499	(100%) in	2780

Totals on ICT0002458 (0) / sum of all threads / hierarchical
>> computeMuLambda:	     0.3486	(100%) in	18274
>> main:	     0.0957	(100%) in	8
>> main/eval:	     0.0065	(7%) in	8
>> main/movies:	     0.0498	(52%) in	8
>> main/movies/computeMuLambda:	     0.0246	(49%) in	1587
>> main/users:	     0.0391	(41%) in	8
>> main/users/computeMuLambda:	     0.0230	(59%) in	1139

Flat view:
==========

Totals on ICT0002458 (0) / thread 0 / flat
>> computeMuLambda:	     0.0476	(50%) in	2726
>> eval:	     0.0065	(7%) in	8
>> main:	     0.0957	(100%) in	8
>> movies:	     0.0498	(52%) in	8
>> users:	     0.0391	(41%) in	8

Totals on ICT0002458 (0) / thread 0 / flat
>> computeMuLambda:	     0.0517 in	2295

Totals on ICT0002458 (0) / thread 0 / flat
>> computeMuLambda:	     0.0497 in	2672

Totals on ICT0002458 (0) / thread 0 / flat
>> computeMuLambda:	     0.0501 in	2697

Totals on ICT0002458 (0) / thread 0 / flat
>> computeMuLambda:	     0.0503 in	2446

Totals on ICT0002458 (0) / thread 0 / flat
>> computeMuLambda:	     0.0497 in	2697

Totals on ICT0002458 (0) / thread 0 / flat
>> computeMuLambda:	     0.0472 in	2687

Totals on ICT0002458 (0) / thread 0 / flat
>> computeMuLambda:	     0.0499 in	2780

Totals on ICT0002458 (0) / sum of all threads / flat
>> computeMuLambda:	     0.3963	(414%) in	21000
>> eval:	     0.0065	(7%) in	8
>> main:	     0.0957	(100%) in	8
>> movies:	     0.0498	(52%) in	8
>> users:	     0.0391	(41%) in	8
