mean rating: 3.52835
total number of ratings in train: 80000
total number of ratings in test: 20000
average ratings per row: 47.5624
rows > break_point1: 46.9084
rows > break_point2: 0
num movs: 1682
mean rating: 3.52835
total number of ratings in train: 80000
total number of ratings in test: 20000
average ratings per row: 84.8356
rows > break_point1: 78.7911
rows > break_point2: 0
num users: 943
hostname: ICT0002458
pid: 52482
num_latent: 32
nprocs: 1
nthrds: 8
nsims: 8
burnin: 2
alpha: 2
update_freq: 1
0: Burnin iteration 0:	 RMSE: 1.1537	avg RMSE: 1.1537	FU(  5.63)	FM(  5.57)	items/sec: 199670.37	ratings/sec:   6.09M
0: Burnin iteration 1:	 RMSE: 1.1539	avg RMSE: 1.1539	FU(  8.04)	FM(  7.91)	items/sec: 214866.77	ratings/sec:   6.55M
0: Sampling iteration 2:	 RMSE: 1.1537	avg RMSE: 1.1537	FU(  9.96)	FM(  9.75)	items/sec: 224251.24	ratings/sec:   6.83M
0: Sampling iteration 3:	 RMSE: 1.1534	avg RMSE: 1.1534	FU( 11.52)	FM( 11.31)	items/sec: 219424.88	ratings/sec:   6.69M
0: Sampling iteration 4:	 RMSE: 1.1530	avg RMSE: 1.1531	FU( 13.01)	FM( 12.70)	items/sec: 207829.73	ratings/sec:   6.33M
0: Sampling iteration 5:	 RMSE: 1.1513	avg RMSE: 1.1524	FU( 14.67)	FM( 14.10)	items/sec: 225566.31	ratings/sec:   6.87M
0: Sampling iteration 6:	 RMSE: 1.1440	avg RMSE: 1.1500	FU( 17.22)	FM( 15.57)	items/sec: 200619.99	ratings/sec:   6.11M
0: Sampling iteration 7:	 RMSE: 1.0913	avg RMSE: 1.1355	FU( 25.05)	FM( 18.58)	items/sec: 207933.03	ratings/sec:   6.34M
Total time: 0.0992285
Final Avg RMSE: 1.13552
Average items/sec: 242880
Average ratings/sec: 7.40207e+06

Hierarchical view:
==================

Totals on ICT0002458 (0) / thread 0 / hierarchical
>> main:	     0.0992	(100%) in	8
>> main/eval:	     0.0062	(6%) in	8
>> main/movies:	     0.0552	(56%) in	8
>> main/movies/computeMuLambda:	     0.0230	(42%) in	1233
>> main/users:	     0.0376	(38%) in	8
>> main/users/computeMuLambda:	     0.0220	(58%) in	1076

Totals on ICT0002458 (0) / thread 0 / hierarchical
>> computeMuLambda:	     0.0451	(100%) in	2720

Totals on ICT0002458 (0) / thread 0 / hierarchical
>> computeMuLambda:	     0.0454	(100%) in	2319

Totals on ICT0002458 (0) / thread 0 / hierarchical
>> computeMuLambda:	     0.0452	(100%) in	2256

Totals on ICT0002458 (0) / thread 0 / hierarchical
>> computeMuLambda:	     0.0441	(100%) in	2312

Totals on ICT0002458 (0) / thread 0 / hierarchical
>> computeMuLambda:	     0.0445	(100%) in	3064

Totals on ICT0002458 (0) / thread 0 / hierarchical
>> computeMuLambda:	     0.0445	(100%) in	2956

Totals on ICT0002458 (0) / thread 0 / hierarchical
>> computeMuLambda:	     0.0432	(100%) in	3064

Totals on ICT0002458 (0) / sum of all threads / hierarchical
>> computeMuLambda:	     0.3121	(100%) in	18691
>> main:	     0.0992	(100%) in	8
>> main/eval:	     0.0062	(6%) in	8
>> main/movies:	     0.0552	(56%) in	8
>> main/movies/computeMuLambda:	     0.0230	(42%) in	1233
>> main/users:	     0.0376	(38%) in	8
>> main/users/computeMuLambda:	     0.0220	(58%) in	1076

Flat view:
==========

Totals on ICT0002458 (0) / thread 0 / flat
>> computeMuLambda:	     0.0450	(45%) in	2309
>> eval:	     0.0062	(6%) in	8
>> main:	     0.0992	(100%) in	8
>> movies:	     0.0552	(56%) in	8
>> users:	     0.0376	(38%) in	8

Totals on ICT0002458 (0) / thread 0 / flat
>> computeMuLambda:	     0.0451 in	2720

Totals on ICT0002458 (0) / thread 0 / flat
>> computeMuLambda:	     0.0454 in	2319

Totals on ICT0002458 (0) / thread 0 / flat
>> computeMuLambda:	     0.0452 in	2256

Totals on ICT0002458 (0) / thread 0 / flat
>> computeMuLambda:	     0.0441 in	2312

Totals on ICT0002458 (0) / thread 0 / flat
>> computeMuLambda:	     0.0445 in	3064

Totals on ICT0002458 (0) / thread 0 / flat
>> computeMuLambda:	     0.0445 in	2956

Totals on ICT0002458 (0) / thread 0 / flat
>> computeMuLambda:	     0.0432 in	3064

Totals on ICT0002458 (0) / sum of all threads / flat
>> computeMuLambda:	     0.3570	(360%) in	21000
>> eval:	     0.0062	(6%) in	8
>> main:	     0.0992	(100%) in	8
>> movies:	     0.0552	(56%) in	8
>> users:	     0.0376	(38%) in	8
